{"total": {"lines":{"total":299,"covered":240,"skipped":0,"pct":80.26},"statements":{"total":334,"covered":256,"skipped":0,"pct":76.64},"functions":{"total":50,"covered":48,"skipped":0,"pct":96},"branches":{"total":278,"covered":198,"skipped":0,"pct":71.22},"branchesTrue":{"total":0,"covered":0,"skipped":0,"pct":"Unknown"}}
,"/Users/malehofmann/Documents/2026/precisar-2026/proyectos-cursor/ondabot/lib/intentClassifier.ts": {"lines":{"total":31,"covered":30,"skipped":0,"pct":96.77},"functions":{"total":3,"covered":3,"skipped":0,"pct":100},"statements":{"total":31,"covered":30,"skipped":0,"pct":96.77},"branches":{"total":46,"covered":44,"skipped":0,"pct":95.65}}
,"/Users/malehofmann/Documents/2026/precisar-2026/proyectos-cursor/ondabot/lib/ondaVoice.ts": {"lines":{"total":53,"covered":43,"skipped":0,"pct":81.13},"functions":{"total":8,"covered":8,"skipped":0,"pct":100},"statements":{"total":59,"covered":47,"skipped":0,"pct":79.66},"branches":{"total":76,"covered":59,"skipped":0,"pct":77.63}}
,"/Users/malehofmann/Documents/2026/precisar-2026/proyectos-cursor/ondabot/lib/promptSafety.ts": {"lines":{"total":17,"covered":17,"skipped":0,"pct":100},"functions":{"total":2,"covered":2,"skipped":0,"pct":100},"statements":{"total":19,"covered":18,"skipped":0,"pct":94.73},"branches":{"total":10,"covered":8,"skipped":0,"pct":80}}
,"/Users/malehofmann/Documents/2026/precisar-2026/proyectos-cursor/ondabot/lib/sessionMemory.ts": {"lines":{"total":48,"covered":39,"skipped":0,"pct":81.25},"functions":{"total":11,"covered":9,"skipped":0,"pct":81.81},"statements":{"total":57,"covered":43,"skipped":0,"pct":75.43},"branches":{"total":44,"covered":28,"skipped":0,"pct":63.63}}
,"/Users/malehofmann/Documents/2026/precisar-2026/proyectos-cursor/ondabot/lib/validateMedia.ts": {"lines":{"total":81,"covered":60,"skipped":0,"pct":74.07},"functions":{"total":8,"covered":8,"skipped":0,"pct":100},"statements":{"total":91,"covered":64,"skipped":0,"pct":70.32},"branches":{"total":69,"covered":39,"skipped":0,"pct":56.52}}
,"/Users/malehofmann/Documents/2026/precisar-2026/proyectos-cursor/ondabot/lib/waCompliance.ts": {"lines":{"total":69,"covered":51,"skipped":0,"pct":73.91},"functions":{"total":18,"covered":18,"skipped":0,"pct":100},"statements":{"total":77,"covered":54,"skipped":0,"pct":70.12},"branches":{"total":33,"covered":20,"skipped":0,"pct":60.6}}
}
